<?xml version="1.0" encoding="UTF-8"?>
<!-- Generated by org.testng.reporters.JUnitReportReporter -->
<testsuite skipped="0" hostname="LAPTOP-T3UANJN2" name="com.orangehrmlive.demo.testsuite.ForgotPasswordTest" tests="1" failures="0" timestamp="2022-12-12T21:58:45 GMT" time="5.504" errors="0">
  <testcase name="userShouldNavigateToForgotPasswordPageSuccessfully" time="5.504" classname="com.orangehrmlive.demo.testsuite.ForgotPasswordTest"/>
  <system-out>
    <![CDATA[Click on ForgotPasswordLink
Error Message Displayed]]>
  </system-out>
</testsuite> <!-- com.orangehrmlive.demo.testsuite.ForgotPasswordTest -->
