<?xml version="1.0" encoding="UTF-8"?>
<!-- Generated by org.testng.reporters.JUnitReportReporter -->
<testsuite skipped="0" hostname="LAPTOP-T3UANJN2" name="com.orangehrmlive.demo.testsuite.LoginPageTest" tests="1" failures="0" timestamp="2022-12-12T21:56:49 GMT" time="5.968" errors="0">
  <testcase name="userShouldLoginSuccessfullyWithValidCredentials" time="5.968" classname="com.orangehrmlive.demo.testsuite.LoginPageTest"/>
  <system-out>
    <![CDATA[Enter username Admin to username field [[ChromeDriver: chrome on WINDOWS (9cda30d162163633efbdcb455c2da9cb)] -> name: username]
Enter password admin123 to password field [[ChromeDriver: chrome on WINDOWS (9cda30d162163633efbdcb455c2da9cb)] -> name: password]
Click on Login Button
Error Message Displayed]]>
  </system-out>
</testsuite> <!-- com.orangehrmlive.demo.testsuite.LoginPageTest -->
